0 verbose cli /opt/homebrew/Cellar/node/25.2.1/bin/node /opt/homebrew/lib/node_modules/npm/bin/npm-cli.js
1 info using npm@11.6.2
2 info using node@v25.2.1
3 silly config load:file:/opt/homebrew/lib/node_modules/npm/npmrc
4 silly config load:file:/Users/giorgosmarinos/aiwork/coding-platform/macbook-desktop/gitter/.npmrc
5 silly config load:file:/Users/giorgosmarinos/aiwork/coding-platform/macbook-desktop/gitter/~/.npmrc
6 silly config load:file:/opt/homebrew/etc/npmrc
7 verbose title npm exec tsx src/cli.ts scan
8 verbose argv "exec" "--" "tsx" "src/cli.ts" "scan"
9 verbose logfile logs-max:10 dir:/Users/giorgosmarinos/aiwork/coding-platform/macbook-desktop/gitter/~/.npm/_logs/2026-03-22T12_34_34_134Z-
10 verbose logfile /Users/giorgosmarinos/aiwork/coding-platform/macbook-desktop/gitter/~/.npm/_logs/2026-03-22T12_34_34_134Z-debug-0.log
11 silly logfile done cleaning log files
12 http fetch GET 200 https://registry.npmjs.org/npm 114ms
13 verbose cwd /Users/giorgosmarinos/aiwork/coding-platform/macbook-desktop/gitter
14 verbose os Darwin 25.3.0
15 verbose node v25.2.1
16 verbose npm  v11.6.2
17 notice
17 notice New minor version of npm available! 11.6.2 -> 11.12.0
17 notice Changelog: https://github.com/npm/cli/releases/tag/v11.12.0
17 notice To update run: npm install -g npm@11.12.0
17 notice  { force: true, Symbol(proc-log.meta): true }
18 verbose exit 1
19 verbose code 1
